#
# There is insufficient memory for the Java Runtime Environment to continue.
# Native memory allocation (malloc) failed to allocate 1654032 bytes for Chunk::new
# Possible reasons:
#   The system is out of physical RAM or swap space
#   The process is running with CompressedOops enabled, and the Java Heap may be blocking the growth of the native heap
# Possible solutions:
#   Reduce memory load on the system
#   Increase physical memory or swap space
#   Check if swap backing store is full
#   Decrease Java heap size (-Xmx/-Xms)
#   Decrease number of Java threads
#   Decrease Java thread stack sizes (-Xss)
#   Set larger code cache with -XX:ReservedCodeCacheSize=
#   JVM is running with Unscaled Compressed Oops mode in which the Java heap is
#     placed in the first 4GB address space. The Java Heap base address is the
#     maximum limit for the native heap growth. Please use -XX:HeapBaseMinAddress
#     to set the Java Heap base and to place the Java Heap above 4GB virtual address.
# This output file may be truncated or incomplete.
#
#  Out of Memory Error (allocation.cpp:389), pid=9608, tid=0x0000000000004a58
#
# JRE version: Java(TM) SE Runtime Environment (8.0_251-b08) (build 1.8.0_251-b08)
# Java VM: Java HotSpot(TM) 64-Bit Server VM (25.251-b08 mixed mode windows-amd64 compressed oops)
# Failed to write core dump. Minidumps are not enabled by default on client versions of Windows
#

---------------  T H R E A D  ---------------

Current thread (0x0000000019a6d800):  JavaThread "C2 CompilerThread0" daemon [_thread_in_native, id=19032, stack(0x000000001a360000,0x000000001a460000)]

Stack: [0x000000001a360000,0x000000001a460000]
[error occurred during error reporting (printing stack bounds), id 0xc0000005]

Native frames: (J=compiled Java code, j=interpreted, Vv=VM code, C=native code)


Current CompileTask:
C2:   3809 3451   !   4       java.net.URLClassLoader$1::run (63 bytes)


---------------  P R O C E S S  ---------------

Java Threads: ( => current thread )
  0x0000000019b05000 JavaThread "Service Thread" daemon [_thread_blocked, id=9224, stack(0x000000001a760000,0x000000001a860000)]
  0x0000000019a7d000 JavaThread "C1 CompilerThread3" daemon [_thread_blocked, id=13836, stack(0x000000001a660000,0x000000001a760000)]
  0x0000000019a75000 JavaThread "C2 CompilerThread2" daemon [_thread_in_native, id=8684, stack(0x000000001a560000,0x000000001a660000)]
  0x0000000019a6f800 JavaThread "C2 CompilerThread1" daemon [_thread_in_native, id=6596, stack(0x000000001a460000,0x000000001a560000)]
=>0x0000000019a6d800 JavaThread "C2 CompilerThread0" daemon [_thread_in_native, id=19032, stack(0x000000001a360000,0x000000001a460000)]
  0x0000000019a6b000 JavaThread "Attach Listener" daemon [_thread_blocked, id=18856, stack(0x000000001a260000,0x000000001a360000)]
  0x0000000019a6a000 JavaThread "Signal Dispatcher" daemon [_thread_blocked, id=18876, stack(0x000000001a160000,0x000000001a260000)]
  0x0000000002d6a800 JavaThread "Finalizer" daemon [_thread_blocked, id=2552, stack(0x0000000019f40000,0x000000001a040000)]
  0x0000000019a60800 JavaThread "Reference Handler" daemon [_thread_blocked, id=6804, stack(0x0000000019e40000,0x0000000019f40000)]
  0x0000000002c72800 JavaThread "main" [_thread_in_native, id=9008, stack(0x0000000002b70000,0x0000000002c70000)]

Other Threads:
  0x0000000017c69800 VMThread [stack: 0x0000000019940000,0x0000000019a40000] [id=9016]
  0x0000000019acd000 WatcherThread [stack: 0x000000001a860000,0x000000001a960000] [id=9956]

VM state:not at safepoint (normal execution)

VM Mutex/Monitor currently owned by a thread: None

heap address: 0x0000000082600000, size: 2010 MB, Compressed Oops mode: 32-bit
Narrow klass base: 0x0000000000000000, Narrow klass shift: 3
Compressed class space size: 1073741824 Address: 0x0000000100000000

Heap:
 PSYoungGen      total 142336K, used 53182K [0x00000000d6200000, 0x00000000e7800000, 0x0000000100000000)
  eden space 131072K, 40% used [0x00000000d6200000,0x00000000d95ef950,0x00000000de200000)
  from space 11264K, 0% used [0x00000000de200000,0x00000000de200000,0x00000000ded00000)
  to   space 11264K, 0% used [0x00000000e6d00000,0x00000000e6d00000,0x00000000e7800000)
 ParOldGen       total 84992K, used 17743K [0x0000000082600000, 0x0000000087900000, 0x00000000d6200000)
  object space 84992K, 20% used [0x0000000082600000,0x0000000083753cb0,0x0000000087900000)
 Metaspace       used 21485K, capacity 22062K, committed 22320K, reserved 1069056K
  class space    used 2545K, capacity 2683K, committed 2688K, reserved 1048576K

Card table byte_map: [0x0000000012130000,0x0000000012520000] byte_map_base: 0x0000000011d1d000

Marking Bits: (ParMarkBitMap*) 0x0000000055a9af90
 Begin Bits: [0x0000000012fc0000, 0x0000000014f28000)
 End Bits:   [0x0000000014f28000, 0x0000000016e90000)

Polling page: 0x0000000000e90000

CodeCache: size=245760Kb used=13773Kb max_used=13773Kb free=231986Kb
 bounds [0x0000000002d70000, 0x0000000003af0000, 0x0000000011d70000]
 total_blobs=4040 nmethods=3648 adapters=304
 compilation: enabled

Compilation events (10 events):
Event: 3.783 Thread 0x0000000019a7d000 3681       3       java.util.ComparableTimSort::gallopLeft (327 bytes)
Event: 3.783 Thread 0x0000000019a7d000 nmethod 3681 0x0000000003ae6450 code [0x0000000003ae6640, 0x0000000003ae70f8]
Event: 3.783 Thread 0x0000000019a7d000 3683       3       java.util.ComparableTimSort::mergeCollapse (101 bytes)
Event: 3.784 Thread 0x0000000019a7d000 nmethod 3683 0x0000000003ae7590 code [0x0000000003ae7720, 0x0000000003ae7b38]
Event: 3.784 Thread 0x0000000019a7d000 3682       3       java.util.ComparableTimSort::pushRun (31 bytes)
Event: 3.784 Thread 0x0000000019a7d000 nmethod 3682 0x0000000003ae7d50 code [0x0000000003ae7ec0, 0x0000000003ae8070]
Event: 3.784 Thread 0x0000000019a7d000 3684       3       java.util.ComparableTimSort::mergeAt (356 bytes)
Event: 3.785 Thread 0x0000000019a7d000 nmethod 3684 0x0000000003ae81d0 code [0x0000000003ae83c0, 0x0000000003ae8b78]
Event: 3.785 Thread 0x0000000019a7d000 3685       3       java.util.ComparableTimSort::ensureCapacity (91 bytes)
Event: 3.785 Thread 0x0000000019a7d000 nmethod 3685 0x0000000003ae9010 code [0x0000000003ae9180, 0x0000000003ae94f0]

GC Heap History (10 events):
Event: 1.788 GC heap before
{Heap before GC invocations=4 (full 0):
 PSYoungGen      total 37888K, used 37856K [0x00000000d6200000, 0x00000000dac00000, 0x0000000100000000)
  eden space 32768K, 100% used [0x00000000d6200000,0x00000000d8200000,0x00000000d8200000)
  from space 5120K, 99% used [0x00000000d8200000,0x00000000d86f8040,0x00000000d8700000)
  to   space 5120K, 0% used [0x00000000da700000,0x00000000da700000,0x00000000dac00000)
 ParOldGen       total 86016K, used 6472K [0x0000000082600000, 0x0000000087a00000, 0x00000000d6200000)
  object space 86016K, 7% used [0x0000000082600000,0x0000000082c52278,0x0000000087a00000)
 Metaspace       used 14659K, capacity 14930K, committed 15232K, reserved 1062912K
  class space    used 1790K, capacity 1885K, committed 1920K, reserved 1048576K
Event: 1.798 GC heap after
Heap after GC invocations=4 (full 0):
 PSYoungGen      total 70656K, used 5104K [0x00000000d6200000, 0x00000000dac00000, 0x0000000100000000)
  eden space 65536K, 0% used [0x00000000d6200000,0x00000000d6200000,0x00000000da200000)
  from space 5120K, 99% used [0x00000000da700000,0x00000000dabfc010,0x00000000dac00000)
  to   space 5120K, 0% used [0x00000000da200000,0x00000000da200000,0x00000000da700000)
 ParOldGen       total 86016K, used 9300K [0x0000000082600000, 0x0000000087a00000, 0x00000000d6200000)
  object space 86016K, 10% used [0x0000000082600000,0x0000000082f152a8,0x0000000087a00000)
 Metaspace       used 14659K, capacity 14930K, committed 15232K, reserved 1062912K
  class space    used 1790K, capacity 1885K, committed 1920K, reserved 1048576K
}
Event: 2.587 GC heap before
{Heap before GC invocations=5 (full 0):
 PSYoungGen      total 70656K, used 70640K [0x00000000d6200000, 0x00000000dac00000, 0x0000000100000000)
  eden space 65536K, 100% used [0x00000000d6200000,0x00000000da200000,0x00000000da200000)
  from space 5120K, 99% used [0x00000000da700000,0x00000000dabfc010,0x00000000dac00000)
  to   space 5120K, 0% used [0x00000000da200000,0x00000000da200000,0x00000000da700000)
 ParOldGen       total 86016K, used 9300K [0x0000000082600000, 0x0000000087a00000, 0x00000000d6200000)
  object space 86016K, 10% used [0x0000000082600000,0x0000000082f152a8,0x0000000087a00000)
 Metaspace       used 15543K, capacity 15824K, committed 16128K, reserved 1062912K
  class space    used 1841K, capacity 1922K, committed 2048K, reserved 1048576K
Event: 2.595 GC heap after
Heap after GC invocations=5 (full 0):
 PSYoungGen      total 70656K, used 5088K [0x00000000d6200000, 0x00000000df900000, 0x0000000100000000)
  eden space 65536K, 0% used [0x00000000d6200000,0x00000000d6200000,0x00000000da200000)
  from space 5120K, 99% used [0x00000000da200000,0x00000000da6f8020,0x00000000da700000)
  to   space 11776K, 0% used [0x00000000ded80000,0x00000000ded80000,0x00000000df900000)
 ParOldGen       total 86016K, used 14310K [0x0000000082600000, 0x0000000087a00000, 0x00000000d6200000)
  object space 86016K, 16% used [0x0000000082600000,0x00000000833f9948,0x0000000087a00000)
 Metaspace       used 15543K, capacity 15824K, committed 16128K, reserved 1062912K
  class space    used 1841K, capacity 1922K, committed 2048K, reserved 1048576K
}
Event: 2.863 GC heap before
{Heap before GC invocations=6 (full 0):
 PSYoungGen      total 70656K, used 66996K [0x00000000d6200000, 0x00000000df900000, 0x0000000100000000)
  eden space 65536K, 94% used [0x00000000d6200000,0x00000000d9e752f0,0x00000000da200000)
  from space 5120K, 99% used [0x00000000da200000,0x00000000da6f8020,0x00000000da700000)
  to   space 11776K, 0% used [0x00000000ded80000,0x00000000ded80000,0x00000000df900000)
 ParOldGen       total 86016K, used 14310K [0x0000000082600000, 0x0000000087a00000, 0x00000000d6200000)
  object space 86016K, 16% used [0x0000000082600000,0x00000000833f9948,0x0000000087a00000)
 Metaspace       used 16734K, capacity 17160K, committed 17280K, reserved 1064960K
  class space    used 1967K, capacity 2090K, committed 2176K, reserved 1048576K
Event: 2.885 GC heap after
Heap after GC invocations=6 (full 0):
 PSYoungGen      total 141824K, used 7475K [0x00000000d6200000, 0x00000000df800000, 0x0000000100000000)
  eden space 131072K, 0% used [0x00000000d6200000,0x00000000d6200000,0x00000000de200000)
  from space 10752K, 69% used [0x00000000ded80000,0x00000000df4ccf88,0x00000000df800000)
  to   space 11264K, 0% used [0x00000000de200000,0x00000000de200000,0x00000000ded00000)
 ParOldGen       total 86016K, used 45038K [0x0000000082600000, 0x0000000087a00000, 0x00000000d6200000)
  object space 86016K, 52% used [0x0000000082600000,0x00000000851fb978,0x0000000087a00000)
 Metaspace       used 16734K, capacity 17160K, committed 17280K, reserved 1064960K
  class space    used 1967K, capacity 2090K, committed 2176K, reserved 1048576K
}
Event: 3.443 GC heap before
{Heap before GC invocations=7 (full 0):
 PSYoungGen      total 141824K, used 61863K [0x00000000d6200000, 0x00000000df800000, 0x0000000100000000)
  eden space 131072K, 41% used [0x00000000d6200000,0x00000000d971cd20,0x00000000de200000)
  from space 10752K, 69% used [0x00000000ded80000,0x00000000df4ccf88,0x00000000df800000)
  to   space 11264K, 0% used [0x00000000de200000,0x00000000de200000,0x00000000ded00000)
 ParOldGen       total 86016K, used 45038K [0x0000000082600000, 0x0000000087a00000, 0x00000000d6200000)
  object space 86016K, 52% used [0x0000000082600000,0x00000000851fb978,0x0000000087a00000)
 Metaspace       used 20635K, capacity 21166K, committed 21296K, reserved 1069056K
  class space    used 2465K, capacity 2619K, committed 2688K, reserved 1048576K
Event: 3.453 GC heap after
Heap after GC invocations=7 (full 0):
 PSYoungGen      total 142336K, used 7939K [0x00000000d6200000, 0x00000000e7800000, 0x0000000100000000)
  eden space 131072K, 0% used [0x00000000d6200000,0x00000000d6200000,0x00000000de200000)
  from space 11264K, 70% used [0x00000000de200000,0x00000000de9c0f70,0x00000000ded00000)
  to   space 11264K, 0% used [0x00000000e6d00000,0x00000000e6d00000,0x00000000e7800000)
 ParOldGen       total 86016K, used 47016K [0x0000000082600000, 0x0000000087a00000, 0x00000000d6200000)
  object space 86016K, 54% used [0x0000000082600000,0x00000000853ea208,0x0000000087a00000)
 Metaspace       used 20635K, capacity 21166K, committed 21296K, reserved 1069056K
  class space    used 2465K, capacity 2619K, committed 2688K, reserved 1048576K
}
Event: 3.453 GC heap before
{Heap before GC invocations=8 (full 1):
 PSYoungGen      total 142336K, used 7939K [0x00000000d6200000, 0x00000000e7800000, 0x0000000100000000)
  eden space 131072K, 0% used [0x00000000d6200000,0x00000000d6200000,0x00000000de200000)
  from space 11264K, 70% used [0x00000000de200000,0x00000000de9c0f70,0x00000000ded00000)
  to   space 11264K, 0% used [0x00000000e6d00000,0x00000000e6d00000,0x00000000e7800000)
 ParOldGen       total 86016K, used 47016K [0x0000000082600000, 0x0000000087a00000, 0x00000000d6200000)
  object space 86016K, 54% used [0x0000000082600000,0x00000000853ea208,0x0000000087a00000)
 Metaspace       used 20635K, capacity 21166K, committed 21296K, reserved 1069056K
  class space    used 2465K, capacity 2619K, committed 2688K, reserved 1048576K
Event: 3.519 GC heap after
Heap after GC invocations=8 (full 1):
 PSYoungGen      total 142336K, used 0K [0x00000000d6200000, 0x00000000e7800000, 0x0000000100000000)
  eden space 131072K, 0% used [0x00000000d6200000,0x00000000d6200000,0x00000000de200000)
  from space 11264K, 0% used [0x00000000de200000,0x00000000de200000,0x00000000ded00000)
  to   space 11264K, 0% used [0x00000000e6d00000,0x00000000e6d00000,0x00000000e7800000)
 ParOldGen       total 84992K, used 17743K [0x0000000082600000, 0x0000000087900000, 0x00000000d6200000)
  object space 84992K, 20% used [0x0000000082600000,0x0000000083753cb0,0x0000000087900000)
 Metaspace       used 20635K, capacity 21166K, committed 21296K, reserved 1069056K
  class space    used 2465K, capacity 2619K, committed 2688K, reserved 1048576K
}

Deoptimization events (10 events):
Event: 3.079 Thread 0x0000000002c72800 Uncommon trap: reason=class_check action=maybe_recompile pc=0x0000000003812d84 method=org.eclipse.sisu.wire.EntryListAdapter$ValueIterator.hasNext()Z @ 4
Event: 3.125 Thread 0x0000000002c72800 Uncommon trap: reason=bimorphic action=maybe_recompile pc=0x000000000332dd24 method=java.util.regex.Pattern$CharProperty.match(Ljava/util/regex/Matcher;ILjava/lang/CharSequence;)Z @ 37
Event: 3.129 Thread 0x0000000002c72800 Uncommon trap: reason=unstable_if action=reinterpret pc=0x0000000003658108 method=com.google.inject.internal.InjectorImpl.callInContext(Lcom/google/inject/internal/ContextualCallable;)Ljava/lang/Object; @ 161
Event: 3.537 Thread 0x0000000002c72800 Uncommon trap: reason=range_check action=make_not_entrant pc=0x0000000003a1d1a8 method=java.lang.String.charAt(I)C @ 27
Event: 3.556 Thread 0x0000000002c72800 Uncommon trap: reason=unstable_if action=reinterpret pc=0x0000000003171e30 method=java.util.jar.Manifest$FastInputStream.readLine([BII)I @ 87
Event: 3.605 Thread 0x0000000002c72800 Uncommon trap: reason=unstable_if action=reinterpret pc=0x0000000003a47204 method=java.util.jar.Attributes$Name.isDigit(C)Z @ 3
Event: 3.659 Thread 0x0000000002c72800 Uncommon trap: reason=unstable_if action=reinterpret pc=0x0000000002f532b4 method=java.util.HashMap.putVal(ILjava/lang/Object;Ljava/lang/Object;ZZ)Ljava/lang/Object; @ 181
Event: 3.659 Thread 0x0000000002c72800 Uncommon trap: reason=unstable_if action=reinterpret pc=0x0000000002f58a38 method=sun.misc.URLClassPath$JarLoader.getResource(Ljava/lang/String;Z)Lsun/misc/Resource; @ 62
Event: 3.677 Thread 0x0000000002c72800 Uncommon trap: reason=unstable_if action=reinterpret pc=0x00000000036a6d48 method=java.nio.charset.CharsetDecoder.decode(Ljava/nio/ByteBuffer;Ljava/nio/CharBuffer;Z)Ljava/nio/charset/CoderResult; @ 1
Event: 3.698 Thread 0x0000000002c72800 Uncommon trap: reason=unstable_if action=reinterpret pc=0x00000000030a0abc method=java.lang.CharacterDataLatin1.isWhitespace(I)Z @ 14

Classes redefined (0 events):
No events

Internal exceptions (10 events):
Event: 1.455 Thread 0x0000000002c72800 Implicit null exception at 0x0000000003369edc to 0x000000000336b0f1
Event: 1.872 Thread 0x0000000002c72800 Implicit null exception at 0x000000000314ccd5 to 0x000000000314cead
Event: 1.872 Thread 0x0000000002c72800 Implicit null exception at 0x00000000030f722f to 0x00000000030f7299
Event: 1.886 Thread 0x0000000002c72800 Implicit null exception at 0x000000000356e277 to 0x000000000356e4c1
Event: 1.955 Thread 0x0000000002c72800 Implicit null exception at 0x000000000354c34f to 0x000000000354c851
Event: 2.199 Thread 0x0000000002c72800 Implicit null exception at 0x0000000003669b60 to 0x000000000366ba09
Event: 3.129 Thread 0x0000000002c72800 Implicit null exception at 0x0000000003656eeb to 0x00000000036580e9
Event: 3.214 Thread 0x0000000002c72800 Exception <a 'java/lang/ClassNotFoundException': com/sun/tools/javac/api/JavacTool> (0x00000000d8b9dc10) thrown at [C:\jenkins\workspace\8-2-build-windows-amd64-cygwin\jdk8u251\737\hotspot\src\share\vm\classfile\systemDictionary.cpp, line 210]
Event: 3.787 Thread 0x0000000002c72800 Exception <a 'java/io/FileNotFoundException'> (0x00000000d92a8d68) thrown at [C:\jenkins\workspace\8-2-build-windows-amd64-cygwin\jdk8u251\737\hotspot\src\share\vm\prims\jni.cpp, line 710]
Event: 3.790 Thread 0x0000000002c72800 Exception <a 'java/io/FileNotFoundException'> (0x00000000d92de668) thrown at [C:\jenkins\workspace\8-2-build-windows-amd64-cygwin\jdk8u251\737\hotspot\src\share\vm\prims\jni.cpp, line 710]

Events (10 events):
Event: 3.758 loading class com/sun/tools/javac/file/ZipFileIndex$ZipDirectory
Event: 3.758 loading class com/sun/tools/javac/file/ZipFileIndex$ZipDirectory done
Event: 3.759 loading class com/sun/tools/javac/file/ZipFileIndex$DirectoryEntry
Event: 3.759 loading class com/sun/tools/javac/file/ZipFileIndex$DirectoryEntry done
Event: 3.759 loading class com/sun/tools/javac/file/ZipFileIndex$Entry
Event: 3.759 loading class com/sun/tools/javac/file/ZipFileIndex$Entry done
Event: 3.763 loading class java/util/ComparableTimSort
Event: 3.763 loading class java/util/ComparableTimSort done
Event: 3.787 loading class com/sun/tools/javac/file/JavacFileManager$MissingArchive
Event: 3.787 loading class com/sun/tools/javac/file/JavacFileManager$MissingArchive done


Dynamic libraries:
0x00007ff799190000 - 0x00007ff7991c7000 	C:\Products\Java\jdk1.8.0_251\bin\javaw.exe
0x00007fff493e0000 - 0x00007fff495d0000 	C:\Windows\SYSTEM32\ntdll.dll
0x00007fff47ff0000 - 0x00007fff480a2000 	C:\Windows\System32\KERNEL32.DLL
0x00007fff47140000 - 0x00007fff473e5000 	C:\Windows\System32\KERNELBASE.dll
0x00007fff48260000 - 0x00007fff48303000 	C:\Windows\System32\ADVAPI32.dll
0x00007fff47770000 - 0x00007fff4780e000 	C:\Windows\System32\msvcrt.dll
0x00007fff48d00000 - 0x00007fff48d97000 	C:\Windows\System32\sechost.dll
0x00007fff48880000 - 0x00007fff4899f000 	C:\Windows\System32\RPCRT4.dll
0x00007fff48a70000 - 0x00007fff48c04000 	C:\Windows\System32\USER32.dll
0x00007fff46720000 - 0x00007fff46741000 	C:\Windows\System32\win32u.dll
0x00007fff48da0000 - 0x00007fff48dc6000 	C:\Windows\System32\GDI32.dll
0x00007fff46450000 - 0x00007fff465e8000 	C:\Windows\System32\gdi32full.dll
0x00007fff465f0000 - 0x00007fff4668e000 	C:\Windows\System32\msvcp_win.dll
0x00007fff46350000 - 0x00007fff4644a000 	C:\Windows\System32\ucrtbase.dll
0x00007fff2fa70000 - 0x00007fff2fcf4000 	C:\Windows\WinSxS\amd64_microsoft.windows.common-controls_6595b64144ccf1df_6.0.18362.1500_none_9e79be6de462295c\COMCTL32.dll
0x00007fff48dd0000 - 0x00007fff49106000 	C:\Windows\System32\combase.dll
0x00007fff46690000 - 0x00007fff46711000 	C:\Windows\System32\bcryptPrimitives.dll
0x00007fff49370000 - 0x00007fff4939e000 	C:\Windows\System32\IMM32.DLL
0x0000000057160000 - 0x0000000057232000 	C:\Products\Java\jdk1.8.0_251\jre\bin\msvcr100.dll
0x0000000055270000 - 0x0000000055b1b000 	C:\Products\Java\jdk1.8.0_251\jre\bin\server\jvm.dll
0x00007fff49360000 - 0x00007fff49368000 	C:\Windows\System32\PSAPI.DLL
0x00007fff3cf80000 - 0x00007fff3cf8a000 	C:\Windows\SYSTEM32\VERSION.dll
0x00007fff2c700000 - 0x00007fff2c709000 	C:\Windows\SYSTEM32\WSOCK32.dll
0x00007fff3e2f0000 - 0x00007fff3e314000 	C:\Windows\SYSTEM32\WINMM.dll
0x00007fff47890000 - 0x00007fff478ff000 	C:\Windows\System32\WS2_32.dll
0x00007fff3e2c0000 - 0x00007fff3e2ed000 	C:\Windows\SYSTEM32\winmmbase.dll
0x00007fff47410000 - 0x00007fff4745a000 	C:\Windows\System32\cfgmgr32.dll
0x00007fff2ffd0000 - 0x00007fff2ffdf000 	C:\Products\Java\jdk1.8.0_251\jre\bin\verify.dll
0x00007fff07db0000 - 0x00007fff07dd9000 	C:\Products\Java\jdk1.8.0_251\jre\bin\java.dll
0x00007fff1caf0000 - 0x00007fff1cb06000 	C:\Products\Java\jdk1.8.0_251\jre\bin\zip.dll
0x00007fff47900000 - 0x00007fff47fe8000 	C:\Windows\System32\SHELL32.dll
0x00007fff492b0000 - 0x00007fff49357000 	C:\Windows\System32\shcore.dll
0x00007fff46750000 - 0x00007fff46ecb000 	C:\Windows\System32\windows.storage.dll
0x00007fff462c0000 - 0x00007fff462de000 	C:\Windows\System32\profapi.dll
0x00007fff462e0000 - 0x00007fff4632a000 	C:\Windows\System32\powrprof.dll
0x00007fff46290000 - 0x00007fff462a0000 	C:\Windows\System32\UMPDC.dll
0x00007fff49250000 - 0x00007fff492a2000 	C:\Windows\System32\shlwapi.dll
0x00007fff462a0000 - 0x00007fff462b1000 	C:\Windows\System32\kernel.appcore.dll
0x00007fff473f0000 - 0x00007fff47407000 	C:\Windows\System32\cryptsp.dll
0x00007fff0fda0000 - 0x00007fff0fdba000 	C:\Products\Java\jdk1.8.0_251\jre\bin\net.dll
0x00007fff45a90000 - 0x00007fff45af7000 	C:\Windows\system32\mswsock.dll
0x00007fff07d90000 - 0x00007fff07da2000 	C:\Products\Java\jdk1.8.0_251\jre\bin\nio.dll

VM Arguments:
jvm_args: -Dmaven.home=EMBEDDED -Dclassworlds.conf=C:\Work\workspace-sts\.metadata\.plugins\org.eclipse.m2e.launching\launches\m2conf7561429947477965884.tmp -Dmaven.multiModuleProjectDirectory=C:\Users\glol4\OneDrive\Documents\GitHub\ProjetDevops21 -Dfile.encoding=Cp1252 
java_command: org.codehaus.plexus.classworlds.launcher.Launcher -B install
java_class_path (initial): /D:/sts-bundle/sts-3.8.4.RELEASE/plugins/org.eclipse.m2e.maven.runtime_1.7.0.20160603-1931/jars/plexus-classworlds-2.5.2.jar
Launcher Type: SUN_STANDARD

Environment Variables:
JAVA_HOME=C:\Program Files\Java\jdk1.8.0_251
PATH=C:/Program Files/Java/jre1.8.0_251/bin/server;C:/Program Files/Java/jre1.8.0_251/bin;C:/Program Files/Java/jre1.8.0_251/lib/amd64;C:\Program Files\Common Files\Oracle\Java\javapath;C:\Program Files (x86)\Common Files\Oracle\Java\javapath;C:\Windows\system32;C:\Windows;C:\Windows\System32\Wbem;C:\Windows\System32\WindowsPowerShell\v1.0\;C:\Windows\System32\OpenSSH\;C:\Program Files (x86)\NVIDIA Corporation\PhysX\Common;C:\ProgramData\ComposerSetup\bin;C:\ProgramData\ComposerSetup\bin;C:\Program Files\dotnet\;C:\Products\Java\jdk1.8.0_251\bin;C:\Program Files\NVIDIA Corporation\NVIDIA NvDLISR;C:\Program Files\Microsoft SQL Server\Client SDK\ODBC\170\Tools\Binn\;C:\Program Files (x86)\Microsoft SQL Server\150\Tools\Binn\;C:\Program Files\Microsoft SQL Server\150\Tools\Binn\;C:\Program Files\Microsoft SQL Server\150\DTS\Binn\;D:\NodeJs\;D:\Git\cmd;C:\Program Files (x86)\apache-maven-3.8.3\bin;C:\Program Files\Java\jdk1.8.0_251\bin;;C:\Program Files\Docker\Docker\resources\bin;C:\ProgramData\DockerDesktop\version-bin;C:\Users\glol4\AppData\Local\Microsoft\WindowsApps;C:\Program Files\JetBrains\PhpStorm 2019.3.2\bin;;C:\wamp64\bin\php\php5.6.40;C:\Users\glol4\AppData\Roaming\Composer\vendor\bin;C:\ProgramData\ComposerSetup\bin;C:\wkhtmltopdf\bin;C:\Users\glol4\.dotnet\tools;C:\Users\glol4\AppData\Roaming\Dashlane\6.2041.0.39937\bin\Firefox_Extension\{442718d9-475e-452a-b3e1-fb1ee16b8e9f}\components;C:\Users\glol4\AppData\Roaming\Dashlane\6.2041.0.39937\ucrt;C:\Users\glol4\AppData\Roaming\Dashlane\6.2041.0.39937\bin\Qt;C:\Users\glol4\AppData\Roaming\Dashlane\6.2041.0.39937\bin\Ssl;C:\Program Files\MongoDB\Server\4.0\bin;C:\Users\glol4\AppData\Local\GitHubDesktop\bin;D:\anaconda\python.exe;C:\Program Files\Azure Data Studio\bin;C:\Users\glol4\AppData\Roaming\npm;D:\Microsoft VS Code\bin;D:\Poducts\sonarqube-9.1.0.47736\bin;D:\Poducts\nexus-3.36.0-01-win64\nexus-3.36.0-01\bin;;D:\sts-bundle\sts-3.8.4.RELEASE;
USERNAME=hamza
OS=Windows_NT
PROCESSOR_IDENTIFIER=Intel64 Family 6 Model 158 Stepping 10, GenuineIntel



---------------  S Y S T E M  ---------------

OS: Windows 10.0 , 64 bit Build 18362 (10.0.18362.1500)

CPU:total 8 (initial active 8) (4 cores per cpu, 2 threads per core) family 6 model 158 stepping 10, cmov, cx8, fxsr, mmx, sse, sse2, sse3, ssse3, sse4.1, sse4.2, popcnt, avx, avx2, aes, clmul, erms, 3dnowpref, lzcnt, ht, tsc, tscinvbit, bmi1, bmi2, adx

Memory: 4k page, physical 8229716k(553248k free), swap 21481040k(4188k free)

vm_info: Java HotSpot(TM) 64-Bit Server VM (25.251-b08) for windows-amd64 JRE (1.8.0_251-b08), built on Mar 12 2020 06:31:49 by "" with MS VC++ 10.0 (VS2010)

time: Wed Nov 17 23:04:37 2021
timezone: Afr. centrale Ouest
elapsed time: 3 seconds (0d 0h 0m 3s)

