#
# There is insufficient memory for the Java Runtime Environment to continue.
# Native memory allocation (malloc) failed to allocate 1048576 bytes for AllocateHeap
# Possible reasons:
#   The system is out of physical RAM or swap space
#   The process is running with CompressedOops enabled, and the Java Heap may be blocking the growth of the native heap
# Possible solutions:
#   Reduce memory load on the system
#   Increase physical memory or swap space
#   Check if swap backing store is full
#   Decrease Java heap size (-Xmx/-Xms)
#   Decrease number of Java threads
#   Decrease Java thread stack sizes (-Xss)
#   Set larger code cache with -XX:ReservedCodeCacheSize=
#   JVM is running with Unscaled Compressed Oops mode in which the Java heap is
#     placed in the first 4GB address space. The Java Heap base address is the
#     maximum limit for the native heap growth. Please use -XX:HeapBaseMinAddress
#     to set the Java Heap base and to place the Java Heap above 4GB virtual address.
# This output file may be truncated or incomplete.
#
#  Out of Memory Error (memory/allocation.inline.hpp:61), pid=13768, tid=0x0000000000003dd0
#
# JRE version:  (8.0_251-b08) (build )
# Java VM: Java HotSpot(TM) 64-Bit Server VM (25.251-b08 mixed mode windows-amd64 compressed oops)
# Failed to write core dump. Minidumps are not enabled by default on client versions of Windows
#

---------------  T H R E A D  ---------------

Current thread (0x0000000002de3800):  JavaThread "Unknown thread" [_thread_in_vm, id=15824, stack(0x0000000002c00000,0x0000000002d00000)]

Stack: [0x0000000002c00000,0x0000000002d00000]
[error occurred during error reporting (printing stack bounds), id 0xc0000005]

Native frames: (J=compiled Java code, j=interpreted, Vv=VM code, C=native code)


---------------  P R O C E S S  ---------------

Java Threads: ( => current thread )

Other Threads:

=>0x0000000002de3800 (exited) JavaThread "Unknown thread" [_thread_in_vm, id=15824, stack(0x0000000002c00000,0x0000000002d00000)]

VM state:not at safepoint (normal execution)

VM Mutex/Monitor currently owned by a thread: None

heap address: 0x0000000082600000, size: 2010 MB, Compressed Oops mode: 32-bit
Narrow klass base: 0x0000000000000000, Narrow klass shift: 3
Compressed class space size: 1073741824 Address: 0x0000000100000000

Heap:
 PSYoungGen      total 37888K, used 655K [0x00000000d6200000, 0x00000000d8c00000, 0x0000000100000000)
  eden space 32768K, 2% used [0x00000000d6200000,0x00000000d62a3d80,0x00000000d8200000)
  from space 5120K, 0% used [0x00000000d8700000,0x00000000d8700000,0x00000000d8c00000)
  to   space 5120K, 0% used [0x00000000d8200000,0x00000000d8200000,0x00000000d8700000)
 ParOldGen       total 86016K, used 0K [0x0000000082600000, 0x0000000087a00000, 0x00000000d6200000)
  object space 86016K, 0% used [0x0000000082600000,0x0000000082600000,0x0000000087a00000)
 Metaspace       used 787K, capacity 4480K, committed 4480K, reserved 1056768K
  class space    used 76K, capacity 384K, committed 384K, reserved 1048576K

Card table byte_map: [0x00000000122a0000,0x0000000012690000] byte_map_base: 0x0000000011e8d000

Marking Bits: (ParMarkBitMap*) 0x000000006103af90
 Begin Bits: [0x0000000013130000, 0x0000000015098000)
 End Bits:   [0x0000000015098000, 0x0000000017000000)

Polling page: 0x0000000002bc0000

CodeCache: size=245760Kb used=328Kb max_used=328Kb free=245431Kb
 bounds [0x0000000002ee0000, 0x0000000003150000, 0x0000000011ee0000]
 total_blobs=58 nmethods=0 adapters=38
 compilation: enabled

Compilation events (0 events):
No events

GC Heap History (0 events):
No events

Deoptimization events (0 events):
No events

Classes redefined (0 events):
No events

Internal exceptions (0 events):
No events

Events (10 events):
Event: 0.086 loading class java/lang/Short
Event: 0.086 loading class java/lang/Short done
Event: 0.086 loading class java/lang/Integer
Event: 0.086 loading class java/lang/Integer done
Event: 0.086 loading class java/lang/Long
Event: 0.086 loading class java/lang/Long done
Event: 0.088 loading class java/lang/NullPointerException
Event: 0.088 loading class java/lang/NullPointerException done
Event: 0.088 loading class java/lang/ArithmeticException
Event: 0.088 loading class java/lang/ArithmeticException done


Dynamic libraries:
0x00007ff6caed0000 - 0x00007ff6caf07000 	C:\Products\Java\jdk1.8.0_251\bin\javaw.exe
0x00007ffc9d1e0000 - 0x00007ffc9d3d0000 	C:\Windows\SYSTEM32\ntdll.dll
0x00007ffc9b7e0000 - 0x00007ffc9b892000 	C:\Windows\System32\KERNEL32.DLL
0x00007ffc9a3a0000 - 0x00007ffc9a645000 	C:\Windows\System32\KERNELBASE.dll
0x00007ffc9bee0000 - 0x00007ffc9bf83000 	C:\Windows\System32\ADVAPI32.dll
0x00007ffc9d080000 - 0x00007ffc9d11e000 	C:\Windows\System32\msvcrt.dll
0x00007ffc9bc10000 - 0x00007ffc9bca7000 	C:\Windows\System32\sechost.dll
0x00007ffc9cef0000 - 0x00007ffc9d00f000 	C:\Windows\System32\RPCRT4.dll
0x00007ffc9c400000 - 0x00007ffc9c594000 	C:\Windows\System32\USER32.dll
0x00007ffc9a650000 - 0x00007ffc9a671000 	C:\Windows\System32\win32u.dll
0x00007ffc9be00000 - 0x00007ffc9be26000 	C:\Windows\System32\GDI32.dll
0x00007ffc9b0f0000 - 0x00007ffc9b288000 	C:\Windows\System32\gdi32full.dll
0x00007ffc9a300000 - 0x00007ffc9a39e000 	C:\Windows\System32\msvcp_win.dll
0x00007ffc9a150000 - 0x00007ffc9a24a000 	C:\Windows\System32\ucrtbase.dll
0x00007ffc82430000 - 0x00007ffc826b4000 	C:\Windows\WinSxS\amd64_microsoft.windows.common-controls_6595b64144ccf1df_6.0.18362.1500_none_9e79be6de462295c\COMCTL32.dll
0x00007ffc9b4a0000 - 0x00007ffc9b7d6000 	C:\Windows\System32\combase.dll
0x00007ffc9afe0000 - 0x00007ffc9b061000 	C:\Windows\System32\bcryptPrimitives.dll
0x00007ffc9b8b0000 - 0x00007ffc9b8de000 	C:\Windows\System32\IMM32.DLL
0x00000000627e0000 - 0x00000000628b2000 	C:\Products\Java\jdk1.8.0_251\jre\bin\msvcr100.dll
0x0000000060810000 - 0x00000000610bb000 	C:\Products\Java\jdk1.8.0_251\jre\bin\server\jvm.dll
0x00007ffc9c6e0000 - 0x00007ffc9c6e8000 	C:\Windows\System32\PSAPI.DLL
0x00007ffc92410000 - 0x00007ffc92434000 	C:\Windows\SYSTEM32\WINMM.dll
0x00007ffc8fae0000 - 0x00007ffc8faea000 	C:\Windows\SYSTEM32\VERSION.dll
0x00007ffc5eee0000 - 0x00007ffc5eee9000 	C:\Windows\SYSTEM32\WSOCK32.dll
0x00007ffc9d010000 - 0x00007ffc9d07f000 	C:\Windows\System32\WS2_32.dll
0x00007ffc923e0000 - 0x00007ffc9240d000 	C:\Windows\SYSTEM32\WINMMBASE.dll
0x00007ffc9b070000 - 0x00007ffc9b0ba000 	C:\Windows\System32\cfgmgr32.dll
0x00007ffc7f7e0000 - 0x00007ffc7f7ef000 	C:\Products\Java\jdk1.8.0_251\jre\bin\verify.dll
0x00007ffc6d730000 - 0x00007ffc6d759000 	C:\Products\Java\jdk1.8.0_251\jre\bin\java.dll
0x00007ffc6d140000 - 0x00007ffc6d175000 	C:\Products\Java\jdk1.8.0_251\jre\bin\jdwp.dll
0x00007ffc7f7d0000 - 0x00007ffc7f7d8000 	C:\Products\Java\jdk1.8.0_251\jre\bin\npt.dll
0x00007ffc7c1d0000 - 0x00007ffc7c1e6000 	C:\Products\Java\jdk1.8.0_251\jre\bin\zip.dll

VM Arguments:
jvm_args: -agentlib:jdwp=transport=dt_socket,suspend=y,address=localhost:58385 -Dmaven.home=EMBEDDED -Dclassworlds.conf=C:\Work\workspace-sts\.metadata\.plugins\org.eclipse.m2e.launching\launches\m2conf104993531363199859.tmp -Dmaven.multiModuleProjectDirectory=C:\Users\glol4\OneDrive\Documents\GitHub\ProjetDevops21 -Dfile.encoding=Cp1252 
java_command: org.codehaus.plexus.classworlds.launcher.Launcher -B clean
java_class_path (initial): /D:/sts-bundle/sts-3.8.4.RELEASE/plugins/org.eclipse.m2e.maven.runtime_1.7.0.20160603-1931/jars/plexus-classworlds-2.5.2.jar
Launcher Type: SUN_STANDARD

Environment Variables:
JAVA_HOME=C:\Program Files\Java\jdk1.8.0_251
PATH=C:\Products\Java\jdk1.8.0_251\jre\bin;C:/Program Files/Java/jre1.8.0_251/bin/server;C:/Program Files/Java/jre1.8.0_251/bin;C:/Program Files/Java/jre1.8.0_251/lib/amd64;C:\Program Files\Common Files\Oracle\Java\javapath;C:\Program Files (x86)\Common Files\Oracle\Java\javapath;C:\Windows\system32;C:\Windows;C:\Windows\System32\Wbem;C:\Windows\System32\WindowsPowerShell\v1.0\;C:\Windows\System32\OpenSSH\;C:\Program Files (x86)\NVIDIA Corporation\PhysX\Common;C:\ProgramData\ComposerSetup\bin;C:\ProgramData\ComposerSetup\bin;C:\Program Files\dotnet\;C:\Products\Java\jdk1.8.0_251\bin;C:\Program Files\NVIDIA Corporation\NVIDIA NvDLISR;C:\Program Files\Microsoft SQL Server\Client SDK\ODBC\170\Tools\Binn\;C:\Program Files (x86)\Microsoft SQL Server\150\Tools\Binn\;C:\Program Files\Microsoft SQL Server\150\Tools\Binn\;C:\Program Files\Microsoft SQL Server\150\DTS\Binn\;D:\NodeJs\;D:\Git\cmd;C:\Program Files (x86)\apache-maven-3.8.3\bin;C:\Program Files\Java\jdk1.8.0_251\bin;;C:\Program Files\Docker\Docker\resources\bin;C:\ProgramData\DockerDesktop\version-bin;C:\Users\glol4\AppData\Local\Microsoft\WindowsApps;C:\Program Files\JetBrains\PhpStorm 2019.3.2\bin;;C:\wamp64\bin\php\php5.6.40;C:\Users\glol4\AppData\Roaming\Composer\vendor\bin;C:\ProgramData\ComposerSetup\bin;C:\wkhtmltopdf\bin;C:\Users\glol4\.dotnet\tools;C:\Users\glol4\AppData\Roaming\Dashlane\6.2041.0.39937\bin\Firefox_Extension\{442718d9-475e-452a-b3e1-fb1ee16b8e9f}\components;C:\Users\glol4\AppData\Roaming\Dashlane\6.2041.0.39937\ucrt;C:\Users\glol4\AppData\Roaming\Dashlane\6.2041.0.39937\bin\Qt;C:\Users\glol4\AppData\Roaming\Dashlane\6.2041.0.39937\bin\Ssl;C:\Program Files\MongoDB\Server\4.0\bin;C:\Users\glol4\AppData\Local\GitHubDesktop\bin;D:\anaconda\python.exe;C:\Program Files\Azure Data Studio\bin;C:\Users\glol4\AppData\Roaming\npm;D:\Microsoft VS Code\bin;D:\Poducts\sonarqube-9.1.0.47736\bin;D:\Poducts\nexus-3.36.0-01-win64\nexus-3.36.0-01\bin;;D:\sts-bundle\sts-3.8.4.RELEASE;
USERNAME=hamza
OS=Windows_NT
PROCESSOR_IDENTIFIER=Intel64 Family 6 Model 158 Stepping 10, GenuineIntel



---------------  S Y S T E M  ---------------

OS: Windows 10.0 , 64 bit Build 18362 (10.0.18362.1500)

CPU:total 8 (initial active 8) (4 cores per cpu, 2 threads per core) family 6 model 158 stepping 10, cmov, cx8, fxsr, mmx, sse, sse2, sse3, ssse3, sse4.1, sse4.2, popcnt, avx, avx2, aes, clmul, erms, 3dnowpref, lzcnt, ht, tsc, tscinvbit, bmi1, bmi2, adx

Memory: 4k page, physical 8229716k(1322564k free), swap 21481040k(5216k free)

vm_info: Java HotSpot(TM) 64-Bit Server VM (25.251-b08) for windows-amd64 JRE (1.8.0_251-b08), built on Mar 12 2020 06:31:49 by "" with MS VC++ 10.0 (VS2010)

time: Tue Nov 16 23:38:21 2021
timezone: Afr. centrale Ouest
elapsed time: 0 seconds (0d 0h 0m 0s)

